<?xml version="1.0" encoding="UTF-8"?>
<testsuite xmlns:xsi="http://www.w3.org/2001/XMLSchema-instance" xsi:noNamespaceSchemaLocation="https://maven.apache.org/surefire/maven-surefire-plugin/xsd/surefire-test-report-3.0.xsd" version="3.0" name="runners.TestRunner" time="10.501" tests="11" errors="0" skipped="0" failures="0">
  <properties>
[...]
</properties>
  <testcase name="Buscar a lista de usuários" classname="Busca de usuários" time="3.333">
    <system-out><![CDATA[
Scenario: Buscar a lista de usuÃ¡rios   # features/BuscarUsuÃ¡rios.feature:4
Login response: {
    "message": "Login realizado com sucesso",
    "authorization": "Bearer eyJhbGciOiJIUzI1NiIsInR5cCI6IkpXVCJ9.eyJlbWFpbCI6InRlc3QtZ2ZjQGF1dG9tYXRpb24uY29tIiwicGFzc3dvcmQiOiJhYmNkZWYiLCJpYXQiOjE3NjE1NzkwNjcsImV4cCI6MTc2MTU3OTY2N30.XycBzqpsGuyCuDIaubEuWfVmGVLvgh0_WzJaAcx1tYs"
}
  When todos os usuÃ¡rios sÃ£o buscados  # steps.UserSteps.buscarTodosUsuarios()
  Then a lista de usuÃ¡rios Ã© retornada # steps.UserSteps.validarListaUsuarios()
]]></system-out>
  </testcase>
  <testcase name="Buscar usuário específico" classname="Busca de usuários" time="0.853">
    <system-out><![CDATA[
Scenario: Buscar usuÃ¡rio especÃ­fico      # features/BuscarUsuÃ¡rios.feature:8
  Given que um usuÃ¡rio novo Ã© cadastrado # steps.UserSteps.criarUsuario()
  When o usuÃ¡rio Ã© consultado pelo ID    # steps.UserSteps.buscarUsuario()
  Then o usuÃ¡rio Ã© retornado             # steps.UserSteps.validarBusca()
]]></system-out>
  </testcase>
  <testcase name="Buscar usuário inexistente" classname="Busca de usuários" time="0.436">
    <system-out><![CDATA[
Scenario: Buscar usuÃ¡rio inexistente            # features/BuscarUsuÃ¡rios.feature:13
  When o usuÃ¡rio Ã© buscado com ID invÃ¡lido      # steps.UserSteps.buscarUsuarioIdInvalido()
  Then erro de usuÃ¡rio nÃ£o encontrado Ã© exibido # steps.UserSteps.validarUsuarioNaoEncontrado()
]]></system-out>
  </testcase>
  <testcase name="Buscar usuário utilizando quantidade de caracteres incorreta pelo campo ID" classname="Busca de usuários" time="0.408">
    <system-out><![CDATA[
Scenario: Buscar usuÃ¡rio utilizando quantidade de caracteres incorreta pelo campo ID # features/BuscarUsuÃ¡rios.feature:18
  When o usuÃ¡rio Ã© buscado com ID incompleto                                         # steps.UserSteps.buscarUsuarioIdIncompleto()
{
    "id": "id deve ter exatamente 16 caracteres alfanuméricos"
}
  Then erro de quantidade de caracteres incorreta Ã© exibido                          # steps.UserSteps.QuantidadeCaracteresIncorreta()
]]></system-out>
  </testcase>
  <testcase name="Criar um novo usuário com sucesso" classname="Cadastro de usuários" time="0.434">
    <system-out><![CDATA[
Scenario: Criar um novo usuÃ¡rio com sucesso # features/CadastroUsuÃ¡rio.feature:3
  Given que um usuÃ¡rio novo Ã© cadastrado    # steps.UserSteps.criarUsuario()
  Then o usuÃ¡rio Ã© criado com sucesso       # steps.UserSteps.validarCriacao()
]]></system-out>
  </testcase>
  <testcase name="Criar usuário com email duplicado" classname="Cadastro de usuários" time="0.373">
    <system-out><![CDATA[
Scenario: Criar usuÃ¡rio com email duplicado         # features/CadastroUsuÃ¡rio.feature:7
  Given que um usuÃ¡rio Ã© criado com email existente # steps.UserSteps.criarUsuarioEmailDuplicado()
  Then a API retorna um erro de email duplicado     # steps.UserSteps.validarEmailDuplicado()
]]></system-out>
  </testcase>
  <testcase name="Deletar usuário existente" classname="Exclusão de usuários" time="1.339">
    <system-out><![CDATA[
Scenario: Deletar usuÃ¡rio existente      # features/DeletarUsuÃ¡rio.feature:4
  Given que um usuÃ¡rio novo Ã© cadastrado # steps.UserSteps.criarUsuario()
  When o delete Ã© executado              # steps.UserSteps.deletarUsuario()
  Then o usuÃ¡rio Ã© deletado com sucesso  # steps.UserSteps.validarExclusao()
]]></system-out>
  </testcase>
  <testcase name="Deletar usuário inexistente" classname="Exclusão de usuários" time="0.393">
    <system-out><![CDATA[
Scenario: Deletar usuÃ¡rio inexistente                # features/DeletarUsuÃ¡rio.feature:9
  When um usuÃ¡rio com ID invÃ¡lido Ã© deletado         # steps.UserSteps.deletarUsuarioInvalido()
  Then a API retorna que nenhum regitro foi excluÃ­do # steps.UserSteps.validarMensagemAoDeletarUsuarioInexistente()
]]></system-out>
  </testcase>
  <testcase name="Deletar usuário com carrinho vinculado" classname="Exclusão de usuários" time="0.388">
    <system-out><![CDATA[
Scenario: Deletar usuÃ¡rio com carrinho vinculado                # features/DeletarUsuÃ¡rio.feature:13
  When um usuÃ¡rio com carrinho vinculado Ã© enviado para deleÃ§Ã£o # steps.UserSteps.deletarUsuÃ¡rioComCarrinho()
{
    "message": "Não é permitido excluir usuário com carrinho cadastrado",
    "idCarrinho": "2VmNV7Ds3yjL6AAK"
}
  Then a api retorna que a aÃ§Ã£o nÃ£o Ã© permitida                 # steps.UserSteps.ValidarMensagemCarrinhoCadastrado()
]]></system-out>
  </testcase>
  <testcase name="Atualizar usuário existente" classname="Atualização de dados de usuários" time="0.821">
    <system-out><![CDATA[
Scenario: Atualizar usuÃ¡rio existente     # features/EditarUsuÃ¡rio.feature:3
  Given que um usuÃ¡rio novo Ã© cadastrado  # steps.UserSteps.criarUsuario()
  When a atualizaÃ§Ã£o Ã© aplicada           # steps.UserSteps.atualizarUsuario()
  Then o usuÃ¡rio Ã© atualizado com sucesso # steps.UserSteps.validarAtualizacao()
]]></system-out>
  </testcase>
  <testcase name="Atualizar usuário com dados inválidos" classname="Atualização de dados de usuários" time="0.831">
    <system-out><![CDATA[
Scenario: Atualizar usuÃ¡rio com dados invÃ¡lidos  # features/EditarUsuÃ¡rio.feature:8
  Given que um usuÃ¡rio novo Ã© cadastrado         # steps.UserSteps.criarUsuario()
  When o usuÃ¡rio Ã© atualizado com email invÃ¡lido # steps.UserSteps.atualizarUsuarioComEmailInvalido()
  Then a API retorna erro de validaÃ§Ã£o           # steps.UserSteps.validarErroEmailInvalido()
]]></system-out>
  </testcase>
</testsuite>