<?xml version="1.0" encoding="UTF-8"?>
<testsuite xmlns:xsi="http://www.w3.org/2001/XMLSchema-instance" xsi:noNamespaceSchemaLocation="https://maven.apache.org/surefire/maven-surefire-plugin/xsd/surefire-test-report-3.0.xsd" version="3.0" name="runners.TestRunner" time="8.832" tests="11" errors="0" skipped="0" failures="5">
  <properties>
[...]
</properties>
  <testcase name="Buscar a lista de usuários" classname="Busca de usuários" time="3.242">
    <system-out><![CDATA[
Scenario: Buscar a lista de usuÃ¡rios   # features/BuscarUsuÃ¡rios.feature:4
 Token obtido com sucesso!
  When todos os usuÃ¡rios sÃ£o buscados  # steps.UserSteps.buscarTodosUsuarios()
  Then a lista de usuÃ¡rios Ã© retornada # steps.UserSteps.validarListaUsuarios()
]]></system-out>
  </testcase>
  <testcase name="Buscar usuário específico" classname="Busca de usuários" time="0.468">
    <failure message="1 expectation failed.&#10;Expected status code &lt;200&gt; but was &lt;400&gt;.&#10;" type="java.lang.AssertionError"><![CDATA[java.lang.AssertionError: 
1 expectation failed.
Expected status code <200> but was <400>.

	at java.base/jdk.internal.reflect.NativeConstructorAccessorImpl.newInstance0(Native Method)
	at java.base/jdk.internal.reflect.NativeConstructorAccessorImpl.newInstance(NativeConstructorAccessorImpl.java:77)
	at java.base/jdk.internal.reflect.DelegatingConstructorAccessorImpl.newInstance(DelegatingConstructorAccessorImpl.java:45)
	at java.base/java.lang.reflect.Constructor.newInstanceWithCaller(Constructor.java:499)
	at java.base/java.lang.reflect.Constructor.newInstance(Constructor.java:480)
	at org.codehaus.groovy.reflection.CachedConstructor.invoke(CachedConstructor.java:73)
	at org.codehaus.groovy.runtime.callsite.ConstructorSite$ConstructorSiteNoUnwrapNoCoerce.callConstructor(ConstructorSite.java:108)
	at org.codehaus.groovy.runtime.callsite.CallSiteArray.defaultCallConstructor(CallSiteArray.java:57)
	at org.codehaus.groovy.runtime.callsite.AbstractCallSite.callConstructor(AbstractCallSite.java:263)
	at org.codehaus.groovy.runtime.callsite.AbstractCallSite.callConstructor(AbstractCallSite.java:277)
	at io.restassured.internal.ResponseSpecificationImpl$HamcrestAssertionClosure.validate(ResponseSpecificationImpl.groovy:512)
	at io.restassured.internal.ResponseSpecificationImpl$HamcrestAssertionClosure$validate$1.call(Unknown Source)
	at io.restassured.internal.ResponseSpecificationImpl.validateResponseIfRequired(ResponseSpecificationImpl.groovy:696)
	at io.restassured.internal.ResponseSpecificationImpl.this$2$validateResponseIfRequired(ResponseSpecificationImpl.groovy)
	at java.base/jdk.internal.reflect.NativeMethodAccessorImpl.invoke0(Native Method)
	at java.base/jdk.internal.reflect.NativeMethodAccessorImpl.invoke(NativeMethodAccessorImpl.java:77)
	at java.base/jdk.internal.reflect.DelegatingMethodAccessorImpl.invoke(DelegatingMethodAccessorImpl.java:43)
	at java.base/java.lang.reflect.Method.invoke(Method.java:568)
	at org.codehaus.groovy.runtime.callsite.PlainObjectMetaMethodSite.doInvoke(PlainObjectMetaMethodSite.java:43)
	at org.codehaus.groovy.runtime.callsite.PogoMetaMethodSite$PogoCachedMethodSiteNoUnwrapNoCoerce.invoke(PogoMetaMethodSite.java:198)
	at org.codehaus.groovy.runtime.callsite.PogoMetaMethodSite.callCurrent(PogoMetaMethodSite.java:62)
	at org.codehaus.groovy.runtime.callsite.AbstractCallSite.callCurrent(AbstractCallSite.java:185)
	at io.restassured.internal.ResponseSpecificationImpl.statusCode(ResponseSpecificationImpl.groovy:135)
	at io.restassured.specification.ResponseSpecification$statusCode$0.callCurrent(Unknown Source)
	at io.restassured.internal.ResponseSpecificationImpl.statusCode(ResponseSpecificationImpl.groovy:143)
	at io.restassured.internal.ValidatableResponseOptionsImpl.statusCode(ValidatableResponseOptionsImpl.java:89)
	at steps.UserSteps.validarBusca(UserSteps.java:52)
	at ✽.o usuário é retornado(classpath:features/BuscarUsuários.feature:11)
]]></failure>
    <system-out><![CDATA[
Scenario: Buscar usuÃ¡rio especÃ­fico      # features/BuscarUsuÃ¡rios.feature:8
Usuário do Hook: null
  Given que um usuÃ¡rio novo Ã© cadastrado # steps.UserSteps.criarUsuario()
  When o usuÃ¡rio Ã© consultado pelo ID    # steps.UserSteps.buscarUsuario()
  Then o usuÃ¡rio Ã© retornado             # steps.UserSteps.validarBusca()
      java.lang.AssertionError: 1 expectation failed.
Expected status code <200> but was <400>.

	at java.base/jdk.internal.reflect.NativeConstructorAccessorImpl.newInstance0(Native Method)
	at java.base/jdk.internal.reflect.NativeConstructorAccessorImpl.newInstance(NativeConstructorAccessorImpl.java:77)
	at java.base/jdk.internal.reflect.DelegatingConstructorAccessorImpl.newInstance(DelegatingConstructorAccessorImpl.java:45)
	at java.base/java.lang.reflect.Constructor.newInstanceWithCaller(Constructor.java:499)
	at java.base/java.lang.reflect.Constructor.newInstance(Constructor.java:480)
	at org.codehaus.groovy.reflection.CachedConstructor.invoke(CachedConstructor.java:73)
	at org.codehaus.groovy.runtime.callsite.ConstructorSite$ConstructorSiteNoUnwrapNoCoerce.callConstructor(ConstructorSite.java:108)
	at org.codehaus.groovy.runtime.callsite.CallSiteArray.defaultCallConstructor(CallSiteArray.java:57)
	at org.codehaus.groovy.runtime.callsite.AbstractCallSite.callConstructor(AbstractCallSite.java:263)
	at org.codehaus.groovy.runtime.callsite.AbstractCallSite.callConstructor(AbstractCallSite.java:277)
	at io.restassured.internal.ResponseSpecificationImpl$HamcrestAssertionClosure.validate(ResponseSpecificationImpl.groovy:512)
	at io.restassured.internal.ResponseSpecificationImpl$HamcrestAssertionClosure$validate$1.call(Unknown Source)
	at io.restassured.internal.ResponseSpecificationImpl.validateResponseIfRequired(ResponseSpecificationImpl.groovy:696)
	at io.restassured.internal.ResponseSpecificationImpl.this$2$validateResponseIfRequired(ResponseSpecificationImpl.groovy)
	at java.base/jdk.internal.reflect.NativeMethodAccessorImpl.invoke0(Native Method)
	at java.base/jdk.internal.reflect.NativeMethodAccessorImpl.invoke(NativeMethodAccessorImpl.java:77)
	at java.base/jdk.internal.reflect.DelegatingMethodAccessorImpl.invoke(DelegatingMethodAccessorImpl.java:43)
	at java.base/java.lang.reflect.Method.invoke(Method.java:568)
	at org.codehaus.groovy.runtime.callsite.PlainObjectMetaMethodSite.doInvoke(PlainObjectMetaMethodSite.java:43)
	at org.codehaus.groovy.runtime.callsite.PogoMetaMethodSite$PogoCachedMethodSiteNoUnwrapNoCoerce.invoke(PogoMetaMethodSite.java:198)
	at org.codehaus.groovy.runtime.callsite.PogoMetaMethodSite.callCurrent(PogoMetaMethodSite.java:62)
	at org.codehaus.groovy.runtime.callsite.AbstractCallSite.callCurrent(AbstractCallSite.java:185)
	at io.restassured.internal.ResponseSpecificationImpl.statusCode(ResponseSpecificationImpl.groovy:135)
	at io.restassured.specification.ResponseSpecification$statusCode$0.callCurrent(Unknown Source)
	at io.restassured.internal.ResponseSpecificationImpl.statusCode(ResponseSpecificationImpl.groovy:143)
	at io.restassured.internal.ValidatableResponseOptionsImpl.statusCode(ValidatableResponseOptionsImpl.java:89)
	at steps.UserSteps.validarBusca(UserSteps.java:52)
	at âœ½.o usuÃ¡rio Ã© retornado(classpath:features/BuscarUsuÃ¡rios.feature:11)

]]></system-out>
  </testcase>
  <testcase name="Buscar usuário inexistente" classname="Busca de usuários" time="0.441">
    <system-out><![CDATA[
Scenario: Buscar usuÃ¡rio inexistente            # features/BuscarUsuÃ¡rios.feature:13
  When o usuÃ¡rio Ã© buscado com ID invÃ¡lido      # steps.UserSteps.buscarUsuarioIdInvalido()
  Then erro de usuÃ¡rio nÃ£o encontrado Ã© exibido # steps.UserSteps.validarUsuarioNaoEncontrado()
]]></system-out>
  </testcase>
  <testcase name="Buscar usuário utilizando quantidade de caracteres incorreta pelo campo ID" classname="Busca de usuários" time="0.441">
    <system-out><![CDATA[
Scenario: Buscar usuÃ¡rio utilizando quantidade de caracteres incorreta pelo campo ID # features/BuscarUsuÃ¡rios.feature:18
  When o usuÃ¡rio Ã© buscado com ID incompleto                                         # steps.UserSteps.buscarUsuarioIdIncompleto()
{
    "id": "id deve ter exatamente 16 caracteres alfanuméricos"
}
  Then erro de quantidade de caracteres incorreta Ã© exibido                          # steps.UserSteps.QuantidadeCaracteresIncorreta()
]]></system-out>
  </testcase>
  <testcase name="Criar um novo usuário com sucesso" classname="Cadastro de usuários" time="0.012">
    <failure type="java.lang.AssertionError"><![CDATA[java.lang.AssertionError
	at org.junit.Assert.fail(Assert.java:87)
	at org.junit.Assert.assertTrue(Assert.java:42)
	at org.junit.Assert.assertNotNull(Assert.java:713)
	at org.junit.Assert.assertNotNull(Assert.java:723)
	at steps.UserSteps.validarCriacao(UserSteps.java:42)
	at ✽.o usuário é criado com sucesso(classpath:features/CadastroUsuário.feature:5)
]]></failure>
    <system-out><![CDATA[
Scenario: Criar um novo usuÃ¡rio com sucesso # features/CadastroUsuÃ¡rio.feature:3
Usuário do Hook: null
  Given que um usuÃ¡rio novo Ã© cadastrado    # steps.UserSteps.criarUsuario()
  Then o usuÃ¡rio Ã© criado com sucesso       # steps.UserSteps.validarCriacao()
      java.lang.AssertionError
	at org.junit.Assert.fail(Assert.java:87)
	at org.junit.Assert.assertTrue(Assert.java:42)
	at org.junit.Assert.assertNotNull(Assert.java:713)
	at org.junit.Assert.assertNotNull(Assert.java:723)
	at steps.UserSteps.validarCriacao(UserSteps.java:42)
	at âœ½.o usuÃ¡rio Ã© criado com sucesso(classpath:features/CadastroUsuÃ¡rio.feature:5)

]]></system-out>
  </testcase>
  <testcase name="Criar usuário com email duplicado" classname="Cadastro de usuários" time="0.424">
    <system-out><![CDATA[
Scenario: Criar usuÃ¡rio com email duplicado         # features/CadastroUsuÃ¡rio.feature:7
  Given que um usuÃ¡rio Ã© criado com email existente # steps.UserSteps.criarUsuarioEmailDuplicado()
  Then a API retorna um erro de email duplicado     # steps.UserSteps.validarEmailDuplicado()
]]></system-out>
  </testcase>
  <testcase name="Deletar usuário existente" classname="Exclusão de usuários" time="0.436">
    <failure message="&#10;Expected: &quot;Registro excluído com sucesso&quot;&#10;     but: was &quot;Nenhum registro excluído&quot;" type="java.lang.AssertionError"><![CDATA[java.lang.AssertionError: 

Expected: "Registro excluído com sucesso"
     but: was "Nenhum registro excluído"
	at org.hamcrest.MatcherAssert.assertThat(MatcherAssert.java:20)
	at org.hamcrest.MatcherAssert.assertThat(MatcherAssert.java:6)
	at steps.UserSteps.validarExclusao(UserSteps.java:74)
	at ✽.o usuário é deletado com sucesso(classpath:features/DeletarUsuário.feature:7)
]]></failure>
    <system-out><![CDATA[
Scenario: Deletar usuÃ¡rio existente      # features/DeletarUsuÃ¡rio.feature:4
Usuário do Hook: null
  Given que um usuÃ¡rio novo Ã© cadastrado # steps.UserSteps.criarUsuario()
  When o delete Ã© executado              # steps.UserSteps.deletarUsuarioExistente()
  Then o usuÃ¡rio Ã© deletado com sucesso  # steps.UserSteps.validarExclusao()
      java.lang.AssertionError: 
Expected: "Registro excluÃ­do com sucesso"
     but: was "Nenhum registro excluÃ­do"
	at org.hamcrest.MatcherAssert.assertThat(MatcherAssert.java:20)
	at org.hamcrest.MatcherAssert.assertThat(MatcherAssert.java:6)
	at steps.UserSteps.validarExclusao(UserSteps.java:74)
	at âœ½.o usuÃ¡rio Ã© deletado com sucesso(classpath:features/DeletarUsuÃ¡rio.feature:7)

]]></system-out>
  </testcase>
  <testcase name="Deletar usuário inexistente" classname="Exclusão de usuários" time="0.405">
    <system-out><![CDATA[
Scenario: Deletar usuÃ¡rio inexistente                # features/DeletarUsuÃ¡rio.feature:9
  When um usuÃ¡rio com ID invÃ¡lido Ã© deletado         # steps.UserSteps.deletarUsuarioInvalido()
  Then a API retorna que nenhum regitro foi excluÃ­do # steps.UserSteps.validarMensagemAoDeletarUsuarioInexistente()
]]></system-out>
  </testcase>
  <testcase name="Deletar usuário com carrinho vinculado" classname="Exclusão de usuários" time="1.246">
    <failure message="expected:&lt;201&gt; but was:&lt;400&gt;" type="java.lang.AssertionError"><![CDATA[java.lang.AssertionError: expected:<201> but was:<400>
	at org.junit.Assert.fail(Assert.java:89)
	at org.junit.Assert.failNotEquals(Assert.java:835)
	at org.junit.Assert.assertEquals(Assert.java:647)
	at org.junit.Assert.assertEquals(Assert.java:633)
	at steps.UserSteps.umUsuárioComCarrinhoVinculado(UserSteps.java:205)
	at ✽.um usuário com carrinho vinculado(classpath:features/DeletarUsuário.feature:14)
]]></failure>
    <system-out><![CDATA[
Scenario: Deletar usuÃ¡rio com carrinho vinculado                # features/DeletarUsuÃ¡rio.feature:13
Usuário com carrinho criado: user_cart_16c00301-1c8e-40e0-bc40-f5820402df69@teste.com | ID: KY67FQF6KFhktWFr
Token do usuário com carrinho: Bearer eyJhbGciOiJIUzI1NiIsInR5cCI6IkpXVCJ9.eyJlbWFpbCI6InVzZXJfY2FydF8xNmMwMDMwMS0xYzhlLTQwZTAtYmM0MC1mNTgyMDQwMmRmNjlAdGVzdGUuY29tIiwicGFzc3dvcmQiOiIxMjM0NTYiLCJpYXQiOjE3NjE2OTYzMTMsImV4cCI6MTc2MTY5NjkxM30.TvwFv4fQ5cvKQdK3-LmCWY6ihdiK4Beb6d6UvbzJLWc
  Given um usuÃ¡rio com carrinho vinculado                       # steps.UserSteps.umUsuÃ¡rioComCarrinhoVinculado()
      java.lang.AssertionError: expected:<201> but was:<400>
	at org.junit.Assert.fail(Assert.java:89)
	at org.junit.Assert.failNotEquals(Assert.java:835)
	at org.junit.Assert.assertEquals(Assert.java:647)
	at org.junit.Assert.assertEquals(Assert.java:633)
	at steps.UserSteps.umUsuÃ¡rioComCarrinhoVinculado(UserSteps.java:205)
	at âœ½.um usuÃ¡rio com carrinho vinculado(classpath:features/DeletarUsuÃ¡rio.feature:14)

  When um usuÃ¡rio com carrinho vinculado Ã© enviado para deleÃ§Ã£o # steps.UserSteps.deletarUsuario()
  Then a api retorna que a aÃ§Ã£o nÃ£o Ã© permitida                 # steps.UserSteps.validarMensagem()
]]></system-out>
  </testcase>
  <testcase name="Atualizar usuário existente" classname="Atualização de dados de usuários" time="0.426">
    <failure message="1 expectation failed.&#10;Expected status code &lt;200&gt; but was &lt;400&gt;.&#10;" type="java.lang.AssertionError"><![CDATA[java.lang.AssertionError: 
1 expectation failed.
Expected status code <200> but was <400>.

	at java.base/jdk.internal.reflect.NativeConstructorAccessorImpl.newInstance0(Native Method)
	at java.base/jdk.internal.reflect.NativeConstructorAccessorImpl.newInstance(NativeConstructorAccessorImpl.java:77)
	at java.base/jdk.internal.reflect.DelegatingConstructorAccessorImpl.newInstance(DelegatingConstructorAccessorImpl.java:45)
	at java.base/java.lang.reflect.Constructor.newInstanceWithCaller(Constructor.java:499)
	at java.base/java.lang.reflect.Constructor.newInstance(Constructor.java:480)
	at org.codehaus.groovy.reflection.CachedConstructor.invoke(CachedConstructor.java:73)
	at org.codehaus.groovy.runtime.callsite.ConstructorSite$ConstructorSiteNoUnwrapNoCoerce.callConstructor(ConstructorSite.java:108)
	at org.codehaus.groovy.runtime.callsite.AbstractCallSite.callConstructor(AbstractCallSite.java:277)
	at io.restassured.internal.ResponseSpecificationImpl$HamcrestAssertionClosure.validate(ResponseSpecificationImpl.groovy:512)
	at io.restassured.internal.ResponseSpecificationImpl$HamcrestAssertionClosure$validate$1.call(Unknown Source)
	at io.restassured.internal.ResponseSpecificationImpl.validateResponseIfRequired(ResponseSpecificationImpl.groovy:696)
	at io.restassured.internal.ResponseSpecificationImpl.this$2$validateResponseIfRequired(ResponseSpecificationImpl.groovy)
	at java.base/jdk.internal.reflect.NativeMethodAccessorImpl.invoke0(Native Method)
	at java.base/jdk.internal.reflect.NativeMethodAccessorImpl.invoke(NativeMethodAccessorImpl.java:77)
	at java.base/jdk.internal.reflect.DelegatingMethodAccessorImpl.invoke(DelegatingMethodAccessorImpl.java:43)
	at java.base/java.lang.reflect.Method.invoke(Method.java:568)
	at org.codehaus.groovy.runtime.callsite.PlainObjectMetaMethodSite.doInvoke(PlainObjectMetaMethodSite.java:43)
	at org.codehaus.groovy.runtime.callsite.PogoMetaMethodSite$PogoCachedMethodSiteNoUnwrapNoCoerce.invoke(PogoMetaMethodSite.java:198)
	at org.codehaus.groovy.runtime.callsite.PogoMetaMethodSite.callCurrent(PogoMetaMethodSite.java:62)
	at org.codehaus.groovy.runtime.callsite.AbstractCallSite.callCurrent(AbstractCallSite.java:185)
	at io.restassured.internal.ResponseSpecificationImpl.statusCode(ResponseSpecificationImpl.groovy:135)
	at io.restassured.specification.ResponseSpecification$statusCode$0.callCurrent(Unknown Source)
	at io.restassured.internal.ResponseSpecificationImpl.statusCode(ResponseSpecificationImpl.groovy:143)
	at io.restassured.internal.ValidatableResponseOptionsImpl.statusCode(ValidatableResponseOptionsImpl.java:89)
	at steps.UserSteps.validarAtualizacao(UserSteps.java:62)
	at ✽.o usuário é atualizado com sucesso(classpath:features/EditarUsuário.feature:6)
]]></failure>
    <system-out><![CDATA[
Scenario: Atualizar usuÃ¡rio existente     # features/EditarUsuÃ¡rio.feature:3
Usuário do Hook: null
  Given que um usuÃ¡rio novo Ã© cadastrado  # steps.UserSteps.criarUsuario()
  When a atualizaÃ§Ã£o Ã© aplicada           # steps.UserSteps.atualizarUsuario()
  Then o usuÃ¡rio Ã© atualizado com sucesso # steps.UserSteps.validarAtualizacao()
      java.lang.AssertionError: 1 expectation failed.
Expected status code <200> but was <400>.

	at java.base/jdk.internal.reflect.NativeConstructorAccessorImpl.newInstance0(Native Method)
	at java.base/jdk.internal.reflect.NativeConstructorAccessorImpl.newInstance(NativeConstructorAccessorImpl.java:77)
	at java.base/jdk.internal.reflect.DelegatingConstructorAccessorImpl.newInstance(DelegatingConstructorAccessorImpl.java:45)
	at java.base/java.lang.reflect.Constructor.newInstanceWithCaller(Constructor.java:499)
	at java.base/java.lang.reflect.Constructor.newInstance(Constructor.java:480)
	at org.codehaus.groovy.reflection.CachedConstructor.invoke(CachedConstructor.java:73)
	at org.codehaus.groovy.runtime.callsite.ConstructorSite$ConstructorSiteNoUnwrapNoCoerce.callConstructor(ConstructorSite.java:108)
	at org.codehaus.groovy.runtime.callsite.AbstractCallSite.callConstructor(AbstractCallSite.java:277)
	at io.restassured.internal.ResponseSpecificationImpl$HamcrestAssertionClosure.validate(ResponseSpecificationImpl.groovy:512)
	at io.restassured.internal.ResponseSpecificationImpl$HamcrestAssertionClosure$validate$1.call(Unknown Source)
	at io.restassured.internal.ResponseSpecificationImpl.validateResponseIfRequired(ResponseSpecificationImpl.groovy:696)
	at io.restassured.internal.ResponseSpecificationImpl.this$2$validateResponseIfRequired(ResponseSpecificationImpl.groovy)
	at java.base/jdk.internal.reflect.NativeMethodAccessorImpl.invoke0(Native Method)
	at java.base/jdk.internal.reflect.NativeMethodAccessorImpl.invoke(NativeMethodAccessorImpl.java:77)
	at java.base/jdk.internal.reflect.DelegatingMethodAccessorImpl.invoke(DelegatingMethodAccessorImpl.java:43)
	at java.base/java.lang.reflect.Method.invoke(Method.java:568)
	at org.codehaus.groovy.runtime.callsite.PlainObjectMetaMethodSite.doInvoke(PlainObjectMetaMethodSite.java:43)
	at org.codehaus.groovy.runtime.callsite.PogoMetaMethodSite$PogoCachedMethodSiteNoUnwrapNoCoerce.invoke(PogoMetaMethodSite.java:198)
	at org.codehaus.groovy.runtime.callsite.PogoMetaMethodSite.callCurrent(PogoMetaMethodSite.java:62)
	at org.codehaus.groovy.runtime.callsite.AbstractCallSite.callCurrent(AbstractCallSite.java:185)
	at io.restassured.internal.ResponseSpecificationImpl.statusCode(ResponseSpecificationImpl.groovy:135)
	at io.restassured.specification.ResponseSpecification$statusCode$0.callCurrent(Unknown Source)
	at io.restassured.internal.ResponseSpecificationImpl.statusCode(ResponseSpecificationImpl.groovy:143)
	at io.restassured.internal.ValidatableResponseOptionsImpl.statusCode(ValidatableResponseOptionsImpl.java:89)
	at steps.UserSteps.validarAtualizacao(UserSteps.java:62)
	at âœ½.o usuÃ¡rio Ã© atualizado com sucesso(classpath:features/EditarUsuÃ¡rio.feature:6)

]]></system-out>
  </testcase>
  <testcase name="Atualizar usuário com dados inválidos" classname="Atualização de dados de usuários" time="0.416">
    <system-out><![CDATA[
Scenario: Atualizar usuÃ¡rio com dados invÃ¡lidos  # features/EditarUsuÃ¡rio.feature:8
Usuário do Hook: null
  Given que um usuÃ¡rio novo Ã© cadastrado         # steps.UserSteps.criarUsuario()
  When o usuÃ¡rio Ã© atualizado com email invÃ¡lido # steps.UserSteps.atualizarUsuarioComEmailInvalido()
  Then a API retorna erro de validaÃ§Ã£o           # steps.UserSteps.validarErroEmailInvalido()
]]></system-out>
  </testcase>
</testsuite>